{"C:\\Users\\joshu\\OneDrive\\Desktop\\Winter 2026\\Pick-and-Play\\controllers\\movies.js": {"path":"C:\\Users\\joshu\\OneDrive\\Desktop\\Winter 2026\\Pick-and-Play\\controllers\\movies.js","statementMap":{"0":{"start":{"line":1,"column":18},"end":{"line":1,"column":42}},"1":{"start":{"line":2,"column":17},"end":{"line":2,"column":44}},"2":{"start":{"line":4,"column":18},"end":{"line":11,"column":1}},"3":{"start":{"line":5,"column":4},"end":{"line":10,"column":5}},"4":{"start":{"line":6,"column":18},"end":{"line":6,"column":69}},"5":{"start":{"line":7,"column":8},"end":{"line":7,"column":36}},"6":{"start":{"line":9,"column":8},"end":{"line":9,"column":113}},"7":{"start":{"line":13,"column":20},"end":{"line":27,"column":1}},"8":{"start":{"line":14,"column":4},"end":{"line":16,"column":5}},"9":{"start":{"line":15,"column":8},"end":{"line":15,"column":76}},"10":{"start":{"line":17,"column":20},"end":{"line":17,"column":47}},"11":{"start":{"line":18,"column":4},"end":{"line":26,"column":5}},"12":{"start":{"line":19,"column":22},"end":{"line":19,"column":89}},"13":{"start":{"line":20,"column":8},"end":{"line":22,"column":9}},"14":{"start":{"line":21,"column":12},"end":{"line":21,"column":70}},"15":{"start":{"line":23,"column":8},"end":{"line":23,"column":39}},"16":{"start":{"line":25,"column":8},"end":{"line":25,"column":57}},"17":{"start":{"line":29,"column":23},"end":{"line":48,"column":1}},"18":{"start":{"line":30,"column":4},"end":{"line":47,"column":5}},"19":{"start":{"line":31,"column":25},"end":{"line":38,"column":9}},"20":{"start":{"line":39,"column":15},"end":{"line":39,"column":69}},"21":{"start":{"line":40,"column":8},"end":{"line":44,"column":9}},"22":{"start":{"line":41,"column":12},"end":{"line":41,"column":41}},"23":{"start":{"line":43,"column":12},"end":{"line":43,"column":94}},"24":{"start":{"line":46,"column":8},"end":{"line":46,"column":55}},"25":{"start":{"line":50,"column":20},"end":{"line":73,"column":1}},"26":{"start":{"line":51,"column":4},"end":{"line":53,"column":5}},"27":{"start":{"line":52,"column":8},"end":{"line":52,"column":76}},"28":{"start":{"line":54,"column":20},"end":{"line":54,"column":47}},"29":{"start":{"line":55,"column":4},"end":{"line":72,"column":5}},"30":{"start":{"line":56,"column":28},"end":{"line":63,"column":9}},"31":{"start":{"line":64,"column":15},"end":{"line":64,"column":91}},"32":{"start":{"line":65,"column":8},"end":{"line":69,"column":9}},"33":{"start":{"line":66,"column":12},"end":{"line":66,"column":35}},"34":{"start":{"line":68,"column":12},"end":{"line":68,"column":74}},"35":{"start":{"line":71,"column":8},"end":{"line":71,"column":55}},"36":{"start":{"line":75,"column":20},"end":{"line":90,"column":1}},"37":{"start":{"line":76,"column":4},"end":{"line":78,"column":5}},"38":{"start":{"line":77,"column":8},"end":{"line":77,"column":76}},"39":{"start":{"line":79,"column":20},"end":{"line":79,"column":47}},"40":{"start":{"line":80,"column":4},"end":{"line":89,"column":5}},"41":{"start":{"line":81,"column":15},"end":{"line":81,"column":77}},"42":{"start":{"line":82,"column":8},"end":{"line":86,"column":9}},"43":{"start":{"line":83,"column":12},"end":{"line":83,"column":35}},"44":{"start":{"line":85,"column":12},"end":{"line":85,"column":74}},"45":{"start":{"line":88,"column":8},"end":{"line":88,"column":55}},"46":{"start":{"line":92,"column":0},"end":{"line":98,"column":1}}},"fnMap":{"0":{"name":"(anonymous_0)","decl":{"start":{"line":4,"column":18},"end":{"line":4,"column":19}},"loc":{"start":{"line":4,"column":44},"end":{"line":11,"column":1}},"line":4},"1":{"name":"(anonymous_1)","decl":{"start":{"line":13,"column":20},"end":{"line":13,"column":21}},"loc":{"start":{"line":13,"column":46},"end":{"line":27,"column":1}},"line":13},"2":{"name":"(anonymous_2)","decl":{"start":{"line":29,"column":23},"end":{"line":29,"column":24}},"loc":{"start":{"line":29,"column":49},"end":{"line":48,"column":1}},"line":29},"3":{"name":"(anonymous_3)","decl":{"start":{"line":50,"column":20},"end":{"line":50,"column":21}},"loc":{"start":{"line":50,"column":46},"end":{"line":73,"column":1}},"line":50},"4":{"name":"(anonymous_4)","decl":{"start":{"line":75,"column":20},"end":{"line":75,"column":21}},"loc":{"start":{"line":75,"column":46},"end":{"line":90,"column":1}},"line":75}},"branchMap":{"0":{"loc":{"start":{"line":9,"column":40},"end":{"line":9,"column":109}},"type":"binary-expr","locations":[{"start":{"line":9,"column":40},"end":{"line":9,"column":51}},{"start":{"line":9,"column":55},"end":{"line":9,"column":109}}],"line":9},"1":{"loc":{"start":{"line":14,"column":4},"end":{"line":16,"column":5}},"type":"if","locations":[{"start":{"line":14,"column":4},"end":{"line":16,"column":5}},{"start":{},"end":{}}],"line":14},"2":{"loc":{"start":{"line":20,"column":8},"end":{"line":22,"column":9}},"type":"if","locations":[{"start":{"line":20,"column":8},"end":{"line":22,"column":9}},{"start":{},"end":{}}],"line":20},"3":{"loc":{"start":{"line":40,"column":8},"end":{"line":44,"column":9}},"type":"if","locations":[{"start":{"line":40,"column":8},"end":{"line":44,"column":9}},{"start":{"line":42,"column":15},"end":{"line":44,"column":9}}],"line":40},"4":{"loc":{"start":{"line":51,"column":4},"end":{"line":53,"column":5}},"type":"if","locations":[{"start":{"line":51,"column":4},"end":{"line":53,"column":5}},{"start":{},"end":{}}],"line":51},"5":{"loc":{"start":{"line":65,"column":8},"end":{"line":69,"column":9}},"type":"if","locations":[{"start":{"line":65,"column":8},"end":{"line":69,"column":9}},{"start":{"line":67,"column":15},"end":{"line":69,"column":9}}],"line":65},"6":{"loc":{"start":{"line":76,"column":4},"end":{"line":78,"column":5}},"type":"if","locations":[{"start":{"line":76,"column":4},"end":{"line":78,"column":5}},{"start":{},"end":{}}],"line":76},"7":{"loc":{"start":{"line":82,"column":8},"end":{"line":86,"column":9}},"type":"if","locations":[{"start":{"line":82,"column":8},"end":{"line":86,"column":9}},{"start":{"line":84,"column":15},"end":{"line":86,"column":9}}],"line":82}},"s":{"0":1,"1":1,"2":1,"3":1,"4":1,"5":1,"6":0,"7":1,"8":0,"9":0,"10":0,"11":0,"12":0,"13":0,"14":0,"15":0,"16":0,"17":1,"18":0,"19":0,"20":0,"21":0,"22":0,"23":0,"24":0,"25":1,"26":0,"27":0,"28":0,"29":0,"30":0,"31":0,"32":0,"33":0,"34":0,"35":0,"36":1,"37":0,"38":0,"39":0,"40":0,"41":0,"42":0,"43":0,"44":0,"45":0,"46":1},"f":{"0":1,"1":0,"2":0,"3":0,"4":0},"b":{"0":[0,0],"1":[0,0],"2":[0,0],"3":[0,0],"4":[0,0],"5":[0,0],"6":[0,0],"7":[0,0]},"_coverageSchema":"1a1c01bbd47fc00a2c39e90264f33305004495a9","hash":"91c6c94ada45e5bdc96abe99ace74313c547514a"}
}
